desc: --time-unit=ms --massif-out-file=./massif.out
cmd: ./target/release/examples/slamiam
time_unit: ms
#-----------
snapshot=0
#-----------
time=0
mem_heap_B=0
mem_heap_extra_B=0
mem_stacks_B=0
heap_tree=empty
#-----------
snapshot=1
#-----------
time=306
mem_heap_B=472
mem_heap_extra_B=16
mem_stacks_B=0
heap_tree=empty
#-----------
snapshot=2
#-----------
time=315
mem_heap_B=1736
mem_heap_extra_B=32
mem_stacks_B=0
heap_tree=detailed
n4: 1736 (heap allocation functions) malloc/new/new[], --alloc-fns, etc.
 n1: 1024 0x4A03BA3: _IO_file_doallocate (filedoalloc.c:101)
  n1: 1024 0x4A12CDF: _IO_doallocbuf (genops.c:347)
   n1: 1024 0x4A11CDB: _IO_file_underflow@@GLIBC_2.2.5 (fileops.c:485)
    n1: 1024 0x4A05307: getdelim (iogetdelim.c:73)
     n1: 1024 0x4A1B0C3: pthread_getattr_np@@GLIBC_2.32 (pthread_getattr_np.c:122)
      n1: 1024 0x25BFCD: std::rt::lang_start_internal (thread.rs:804)
       n0: 1024 0x15A044: main (in /home/sjbeskur/repos/SLAM/xdof2/target/release/examples/slamiam)
 n1: 472 0x4A0464D: __fopen_internal (iofopen.c:65)
  n1: 472 0x4A0464D: fopen@@GLIBC_2.2.5 (iofopen.c:86)
   n1: 472 0x4A1AFB2: pthread_getattr_np@@GLIBC_2.32 (pthread_getattr_np.c:85)
    n1: 472 0x25BFCD: std::rt::lang_start_internal (thread.rs:804)
     n0: 472 0x15A044: main (in /home/sjbeskur/repos/SLAM/xdof2/target/release/examples/slamiam)
 n1: 240 0x4A0517D: getdelim (iogetdelim.c:102)
  n1: 240 0x4A1B0C3: pthread_getattr_np@@GLIBC_2.32 (pthread_getattr_np.c:122)
   n1: 240 0x25BFCD: std::rt::lang_start_internal (thread.rs:804)
    n0: 240 0x15A044: main (in /home/sjbeskur/repos/SLAM/xdof2/target/release/examples/slamiam)
 n0: 0 in 1 place, below massif's threshold (1.00%)
#-----------
snapshot=3
#-----------
time=322
mem_heap_B=8277
mem_heap_extra_B=43
mem_stacks_B=0
heap_tree=empty
#-----------
snapshot=4
#-----------
time=331
mem_heap_B=94037
mem_heap_extra_B=123
mem_stacks_B=0
heap_tree=empty
#-----------
snapshot=5
#-----------
time=343
mem_heap_B=1598029
mem_heap_extra_B=139
mem_stacks_B=0
heap_tree=empty
#-----------
snapshot=6
#-----------
time=350
mem_heap_B=1756192
mem_heap_extra_B=176
mem_stacks_B=0
heap_tree=empty
#-----------
snapshot=7
#-----------
time=358
mem_heap_B=1887200
mem_heap_extra_B=176
mem_stacks_B=0
heap_tree=empty
#-----------
snapshot=8
#-----------
time=366
mem_heap_B=1914211
mem_heap_extra_B=173
mem_stacks_B=0
heap_tree=empty
#-----------
snapshot=9
#-----------
time=371
mem_heap_B=1914099
mem_heap_extra_B=165
mem_stacks_B=0
heap_tree=empty
#-----------
snapshot=10
#-----------
time=379
mem_heap_B=3391256
mem_heap_extra_B=208
mem_stacks_B=0
heap_tree=empty
#-----------
snapshot=11
#-----------
time=387
mem_heap_B=3391320
mem_heap_extra_B=232
mem_stacks_B=0
heap_tree=empty
#-----------
snapshot=12
#-----------
time=395
mem_heap_B=3418283
mem_heap_extra_B=213
mem_stacks_B=0
heap_tree=detailed
n4: 3418283 (heap allocation functions) malloc/new/new[], --alloc-fns, etc.
 n1: 1503992 0x15933E: slamiam::read_image (in /home/sjbeskur/repos/SLAM/xdof2/target/release/examples/slamiam)
  n1: 1503992 0x159549: slamiam::main (in /home/sjbeskur/repos/SLAM/xdof2/target/release/examples/slamiam)
   n1: 1503992 0x18DA82: std::sys_common::backtrace::__rust_begin_short_backtrace (in /home/sjbeskur/repos/SLAM/xdof2/target/release/examples/slamiam)
    n1: 1503992 0x1A4A78: _ZN3std2rt10lang_start28_$u7b$$u7b$closure$u7d$$u7d$17h1113576907922fc3E.llvm.14101158375343628216 (in /home/sjbeskur/repos/SLAM/xdof2/target/release/examples/slamiam)
     n1: 1503992 0x25C0C0: std::rt::lang_start_internal (function.rs:284)
      n0: 1503992 0x15A044: main (in /home/sjbeskur/repos/SLAM/xdof2/target/release/examples/slamiam)
 n1: 1503992 0x195C21: image::image::decoder_to_vec (in /home/sjbeskur/repos/SLAM/xdof2/target/release/examples/slamiam)
  n1: 1503992 0x1556C1: image::dynimage::decoder_to_image (in /home/sjbeskur/repos/SLAM/xdof2/target/release/examples/slamiam)
   n1: 1503992 0x1938E2: image::io::free_functions::load_inner (in /home/sjbeskur/repos/SLAM/xdof2/target/release/examples/slamiam)
    n2: 1503992 0x1592CC: slamiam::read_image (in /home/sjbeskur/repos/SLAM/xdof2/target/release/examples/slamiam)
     n1: 1503992 0x159556: slamiam::main (in /home/sjbeskur/repos/SLAM/xdof2/target/release/examples/slamiam)
      n1: 1503992 0x18DA82: std::sys_common::backtrace::__rust_begin_short_backtrace (in /home/sjbeskur/repos/SLAM/xdof2/target/release/examples/slamiam)
       n1: 1503992 0x1A4A78: _ZN3std2rt10lang_start28_$u7b$$u7b$closure$u7d$$u7d$17h1113576907922fc3E.llvm.14101158375343628216 (in /home/sjbeskur/repos/SLAM/xdof2/target/release/examples/slamiam)
        n1: 1503992 0x25C0C0: std::rt::lang_start_internal (function.rs:284)
         n0: 1503992 0x15A044: main (in /home/sjbeskur/repos/SLAM/xdof2/target/release/examples/slamiam)
     n0: 0 in 1 place, below massif's threshold (1.00%)
 n1: 316070 0x1FA941: _ZN5alloc7raw_vec11finish_grow17h529fed5a8d8d9853E.llvm.2499057297458955249 (in /home/sjbeskur/repos/SLAM/xdof2/target/release/examples/slamiam)
  n2: 316070 0x126061: alloc::raw_vec::RawVec<T,A>::reserve::do_reserve_and_handle (in /home/sjbeskur/repos/SLAM/xdof2/target/release/examples/slamiam)
   n1: 262144 0x1F9420: png::decoder::zlib::ZlibStream::decompress (in /home/sjbeskur/repos/SLAM/xdof2/target/release/examples/slamiam)
    n1: 262144 0x1F52C0: png::decoder::stream::StreamingDecoder::update (in /home/sjbeskur/repos/SLAM/xdof2/target/release/examples/slamiam)
     n1: 262144 0x13E4A7: _ZN3png7decoder20ReadDecoder$LT$R$GT$11decode_next17h75b92a71d9d8ba7aE.llvm.1853289815647694970 (in /home/sjbeskur/repos/SLAM/xdof2/target/release/examples/slamiam)
      n1: 262144 0x13DB27: png::decoder::Reader<R>::next_interlaced_row_impl (in /home/sjbeskur/repos/SLAM/xdof2/target/release/examples/slamiam)
       n1: 262144 0x13D036: png::decoder::Reader<R>::next_frame (in /home/sjbeskur/repos/SLAM/xdof2/target/release/examples/slamiam)
        n1: 262144 0x1B095F: <image::codecs::png::PngDecoder<R> as image::image::ImageDecoder>::read_image (in /home/sjbeskur/repos/SLAM/xdof2/target/release/examples/slamiam)
         n1: 262144 0x195C81: image::image::decoder_to_vec (in /home/sjbeskur/repos/SLAM/xdof2/target/release/examples/slamiam)
          n1: 262144 0x1556C1: image::dynimage::decoder_to_image (in /home/sjbeskur/repos/SLAM/xdof2/target/release/examples/slamiam)
           n1: 262144 0x1938E2: image::io::free_functions::load_inner (in /home/sjbeskur/repos/SLAM/xdof2/target/release/examples/slamiam)
            n2: 262144 0x1592CC: slamiam::read_image (in /home/sjbeskur/repos/SLAM/xdof2/target/release/examples/slamiam)
             n1: 262144 0x159556: slamiam::main (in /home/sjbeskur/repos/SLAM/xdof2/target/release/examples/slamiam)
              n1: 262144 0x18DA82: std::sys_common::backtrace::__rust_begin_short_backtrace (in /home/sjbeskur/repos/SLAM/xdof2/target/release/examples/slamiam)
               n1: 262144 0x1A4A78: _ZN3std2rt10lang_start28_$u7b$$u7b$closure$u7d$$u7d$17h1113576907922fc3E.llvm.14101158375343628216 (in /home/sjbeskur/repos/SLAM/xdof2/target/release/examples/slamiam)
                n1: 262144 0x25C0C0: std::rt::lang_start_internal (function.rs:284)
                 n0: 262144 0x15A044: main (in /home/sjbeskur/repos/SLAM/xdof2/target/release/examples/slamiam)
             n0: 0 in 1 place, below massif's threshold (1.00%)
   n1: 53926 0x1F93FE: png::decoder::zlib::ZlibStream::decompress (in /home/sjbeskur/repos/SLAM/xdof2/target/release/examples/slamiam)
    n1: 53926 0x1F52C0: png::decoder::stream::StreamingDecoder::update (in /home/sjbeskur/repos/SLAM/xdof2/target/release/examples/slamiam)
     n1: 53926 0x13E4A7: _ZN3png7decoder20ReadDecoder$LT$R$GT$11decode_next17h75b92a71d9d8ba7aE.llvm.1853289815647694970 (in /home/sjbeskur/repos/SLAM/xdof2/target/release/examples/slamiam)
      n1: 53926 0x13DB27: png::decoder::Reader<R>::next_interlaced_row_impl (in /home/sjbeskur/repos/SLAM/xdof2/target/release/examples/slamiam)
       n1: 53926 0x13D036: png::decoder::Reader<R>::next_frame (in /home/sjbeskur/repos/SLAM/xdof2/target/release/examples/slamiam)
        n1: 53926 0x1B095F: <image::codecs::png::PngDecoder<R> as image::image::ImageDecoder>::read_image (in /home/sjbeskur/repos/SLAM/xdof2/target/release/examples/slamiam)
         n1: 53926 0x195C81: image::image::decoder_to_vec (in /home/sjbeskur/repos/SLAM/xdof2/target/release/examples/slamiam)
          n1: 53926 0x1556C1: image::dynimage::decoder_to_image (in /home/sjbeskur/repos/SLAM/xdof2/target/release/examples/slamiam)
           n1: 53926 0x1938E2: image::io::free_functions::load_inner (in /home/sjbeskur/repos/SLAM/xdof2/target/release/examples/slamiam)
            n2: 53926 0x1592CC: slamiam::read_image (in /home/sjbeskur/repos/SLAM/xdof2/target/release/examples/slamiam)
             n1: 53926 0x159556: slamiam::main (in /home/sjbeskur/repos/SLAM/xdof2/target/release/examples/slamiam)
              n1: 53926 0x18DA82: std::sys_common::backtrace::__rust_begin_short_backtrace (in /home/sjbeskur/repos/SLAM/xdof2/target/release/examples/slamiam)
               n1: 53926 0x1A4A78: _ZN3std2rt10lang_start28_$u7b$$u7b$closure$u7d$$u7d$17h1113576907922fc3E.llvm.14101158375343628216 (in /home/sjbeskur/repos/SLAM/xdof2/target/release/examples/slamiam)
                n1: 53926 0x25C0C0: std::rt::lang_start_internal (function.rs:284)
                 n0: 53926 0x15A044: main (in /home/sjbeskur/repos/SLAM/xdof2/target/release/examples/slamiam)
             n0: 0 in 1 place, below massif's threshold (1.00%)
 n0: 94229 in 18 places, all below massif's threshold (1.00%)
#-----------
snapshot=13
#-----------
time=401
mem_heap_B=6016081
mem_heap_extra_B=111
mem_stacks_B=0
heap_tree=empty
#-----------
snapshot=14
#-----------
time=470
mem_heap_B=6016081
mem_heap_extra_B=111
mem_stacks_B=0
heap_tree=detailed
n4: 6016081 (heap allocation functions) malloc/new/new[], --alloc-fns, etc.
 n2: 3007984 0x15933E: slamiam::read_image (in /home/sjbeskur/repos/SLAM/xdof2/target/release/examples/slamiam)
  n1: 1503992 0x159549: slamiam::main (in /home/sjbeskur/repos/SLAM/xdof2/target/release/examples/slamiam)
   n1: 1503992 0x18DA82: std::sys_common::backtrace::__rust_begin_short_backtrace (in /home/sjbeskur/repos/SLAM/xdof2/target/release/examples/slamiam)
    n1: 1503992 0x1A4A78: _ZN3std2rt10lang_start28_$u7b$$u7b$closure$u7d$$u7d$17h1113576907922fc3E.llvm.14101158375343628216 (in /home/sjbeskur/repos/SLAM/xdof2/target/release/examples/slamiam)
     n1: 1503992 0x25C0C0: std::rt::lang_start_internal (function.rs:284)
      n0: 1503992 0x15A044: main (in /home/sjbeskur/repos/SLAM/xdof2/target/release/examples/slamiam)
  n1: 1503992 0x159556: slamiam::main (in /home/sjbeskur/repos/SLAM/xdof2/target/release/examples/slamiam)
   n1: 1503992 0x18DA82: std::sys_common::backtrace::__rust_begin_short_backtrace (in /home/sjbeskur/repos/SLAM/xdof2/target/release/examples/slamiam)
    n1: 1503992 0x1A4A78: _ZN3std2rt10lang_start28_$u7b$$u7b$closure$u7d$$u7d$17h1113576907922fc3E.llvm.14101158375343628216 (in /home/sjbeskur/repos/SLAM/xdof2/target/release/examples/slamiam)
     n1: 1503992 0x25C0C0: std::rt::lang_start_internal (function.rs:284)
      n0: 1503992 0x15A044: main (in /home/sjbeskur/repos/SLAM/xdof2/target/release/examples/slamiam)
 n1: 1503992 0x1BE7E4: xdof::phase_1::greyscale_gaussian_blur (in /home/sjbeskur/repos/SLAM/xdof2/target/release/examples/slamiam)
  n1: 1503992 0x159595: slamiam::main (in /home/sjbeskur/repos/SLAM/xdof2/target/release/examples/slamiam)
   n1: 1503992 0x18DA82: std::sys_common::backtrace::__rust_begin_short_backtrace (in /home/sjbeskur/repos/SLAM/xdof2/target/release/examples/slamiam)
    n1: 1503992 0x1A4A78: _ZN3std2rt10lang_start28_$u7b$$u7b$closure$u7d$$u7d$17h1113576907922fc3E.llvm.14101158375343628216 (in /home/sjbeskur/repos/SLAM/xdof2/target/release/examples/slamiam)
     n1: 1503992 0x25C0C0: std::rt::lang_start_internal (function.rs:284)
      n0: 1503992 0x15A044: main (in /home/sjbeskur/repos/SLAM/xdof2/target/release/examples/slamiam)
 n1: 1503992 0x1BE823: xdof::phase_1::greyscale_gaussian_blur (in /home/sjbeskur/repos/SLAM/xdof2/target/release/examples/slamiam)
  n1: 1503992 0x159595: slamiam::main (in /home/sjbeskur/repos/SLAM/xdof2/target/release/examples/slamiam)
   n1: 1503992 0x18DA82: std::sys_common::backtrace::__rust_begin_short_backtrace (in /home/sjbeskur/repos/SLAM/xdof2/target/release/examples/slamiam)
    n1: 1503992 0x1A4A78: _ZN3std2rt10lang_start28_$u7b$$u7b$closure$u7d$$u7d$17h1113576907922fc3E.llvm.14101158375343628216 (in /home/sjbeskur/repos/SLAM/xdof2/target/release/examples/slamiam)
     n1: 1503992 0x25C0C0: std::rt::lang_start_internal (function.rs:284)
      n0: 1503992 0x15A044: main (in /home/sjbeskur/repos/SLAM/xdof2/target/release/examples/slamiam)
 n0: 113 in 21 places, all below massif's threshold (1.00%)
#-----------
snapshot=15
#-----------
time=471
mem_heap_B=7520073
mem_heap_extra_B=127
mem_stacks_B=0
heap_tree=empty
#-----------
snapshot=16
#-----------
time=539
mem_heap_B=7520073
mem_heap_extra_B=127
mem_stacks_B=0
heap_tree=detailed
n4: 7520073 (heap allocation functions) malloc/new/new[], --alloc-fns, etc.
 n2: 3007984 0x15933E: slamiam::read_image (in /home/sjbeskur/repos/SLAM/xdof2/target/release/examples/slamiam)
  n1: 1503992 0x159549: slamiam::main (in /home/sjbeskur/repos/SLAM/xdof2/target/release/examples/slamiam)
   n1: 1503992 0x18DA82: std::sys_common::backtrace::__rust_begin_short_backtrace (in /home/sjbeskur/repos/SLAM/xdof2/target/release/examples/slamiam)
    n1: 1503992 0x1A4A78: _ZN3std2rt10lang_start28_$u7b$$u7b$closure$u7d$$u7d$17h1113576907922fc3E.llvm.14101158375343628216 (in /home/sjbeskur/repos/SLAM/xdof2/target/release/examples/slamiam)
     n1: 1503992 0x25C0C0: std::rt::lang_start_internal (function.rs:284)
      n0: 1503992 0x15A044: main (in /home/sjbeskur/repos/SLAM/xdof2/target/release/examples/slamiam)
  n1: 1503992 0x159556: slamiam::main (in /home/sjbeskur/repos/SLAM/xdof2/target/release/examples/slamiam)
   n1: 1503992 0x18DA82: std::sys_common::backtrace::__rust_begin_short_backtrace (in /home/sjbeskur/repos/SLAM/xdof2/target/release/examples/slamiam)
    n1: 1503992 0x1A4A78: _ZN3std2rt10lang_start28_$u7b$$u7b$closure$u7d$$u7d$17h1113576907922fc3E.llvm.14101158375343628216 (in /home/sjbeskur/repos/SLAM/xdof2/target/release/examples/slamiam)
     n1: 1503992 0x25C0C0: std::rt::lang_start_internal (function.rs:284)
      n0: 1503992 0x15A044: main (in /home/sjbeskur/repos/SLAM/xdof2/target/release/examples/slamiam)
 n2: 3007984 0x1BE7E4: xdof::phase_1::greyscale_gaussian_blur (in /home/sjbeskur/repos/SLAM/xdof2/target/release/examples/slamiam)
  n1: 1503992 0x159595: slamiam::main (in /home/sjbeskur/repos/SLAM/xdof2/target/release/examples/slamiam)
   n1: 1503992 0x18DA82: std::sys_common::backtrace::__rust_begin_short_backtrace (in /home/sjbeskur/repos/SLAM/xdof2/target/release/examples/slamiam)
    n1: 1503992 0x1A4A78: _ZN3std2rt10lang_start28_$u7b$$u7b$closure$u7d$$u7d$17h1113576907922fc3E.llvm.14101158375343628216 (in /home/sjbeskur/repos/SLAM/xdof2/target/release/examples/slamiam)
     n1: 1503992 0x25C0C0: std::rt::lang_start_internal (function.rs:284)
      n0: 1503992 0x15A044: main (in /home/sjbeskur/repos/SLAM/xdof2/target/release/examples/slamiam)
  n1: 1503992 0x15961D: slamiam::main (in /home/sjbeskur/repos/SLAM/xdof2/target/release/examples/slamiam)
   n1: 1503992 0x18DA82: std::sys_common::backtrace::__rust_begin_short_backtrace (in /home/sjbeskur/repos/SLAM/xdof2/target/release/examples/slamiam)
    n1: 1503992 0x1A4A78: _ZN3std2rt10lang_start28_$u7b$$u7b$closure$u7d$$u7d$17h1113576907922fc3E.llvm.14101158375343628216 (in /home/sjbeskur/repos/SLAM/xdof2/target/release/examples/slamiam)
     n1: 1503992 0x25C0C0: std::rt::lang_start_internal (function.rs:284)
      n0: 1503992 0x15A044: main (in /home/sjbeskur/repos/SLAM/xdof2/target/release/examples/slamiam)
 n2: 1503992 0x1BE823: xdof::phase_1::greyscale_gaussian_blur (in /home/sjbeskur/repos/SLAM/xdof2/target/release/examples/slamiam)
  n1: 1503992 0x15961D: slamiam::main (in /home/sjbeskur/repos/SLAM/xdof2/target/release/examples/slamiam)
   n1: 1503992 0x18DA82: std::sys_common::backtrace::__rust_begin_short_backtrace (in /home/sjbeskur/repos/SLAM/xdof2/target/release/examples/slamiam)
    n1: 1503992 0x1A4A78: _ZN3std2rt10lang_start28_$u7b$$u7b$closure$u7d$$u7d$17h1113576907922fc3E.llvm.14101158375343628216 (in /home/sjbeskur/repos/SLAM/xdof2/target/release/examples/slamiam)
     n1: 1503992 0x25C0C0: std::rt::lang_start_internal (function.rs:284)
      n0: 1503992 0x15A044: main (in /home/sjbeskur/repos/SLAM/xdof2/target/release/examples/slamiam)
  n0: 0 in 1 place, below massif's threshold (1.00%)
 n0: 113 in 21 places, all below massif's threshold (1.00%)
#-----------
snapshot=17
#-----------
time=544
mem_heap_B=12032093
mem_heap_extra_B=1123
mem_stacks_B=0
heap_tree=empty
#-----------
snapshot=18
#-----------
time=620
mem_heap_B=12032093
mem_heap_extra_B=1123
mem_stacks_B=0
heap_tree=detailed
n4: 12032093 (heap allocation functions) malloc/new/new[], --alloc-fns, etc.
 n1: 6015968 0x1AF0F1: image::imageops::sample::blur (in /home/sjbeskur/repos/SLAM/xdof2/target/release/examples/slamiam)
  n1: 6015968 0x159E35: slamiam::compute_kepoint_descriptors (in /home/sjbeskur/repos/SLAM/xdof2/target/release/examples/slamiam)
   n1: 6015968 0x15969C: slamiam::main (in /home/sjbeskur/repos/SLAM/xdof2/target/release/examples/slamiam)
    n1: 6015968 0x18DA82: std::sys_common::backtrace::__rust_begin_short_backtrace (in /home/sjbeskur/repos/SLAM/xdof2/target/release/examples/slamiam)
     n1: 6015968 0x1A4A78: _ZN3std2rt10lang_start28_$u7b$$u7b$closure$u7d$$u7d$17h1113576907922fc3E.llvm.14101158375343628216 (in /home/sjbeskur/repos/SLAM/xdof2/target/release/examples/slamiam)
      n1: 6015968 0x25C0C0: std::rt::lang_start_internal (function.rs:284)
       n0: 6015968 0x15A044: main (in /home/sjbeskur/repos/SLAM/xdof2/target/release/examples/slamiam)
 n2: 3007984 0x15933E: slamiam::read_image (in /home/sjbeskur/repos/SLAM/xdof2/target/release/examples/slamiam)
  n1: 1503992 0x159549: slamiam::main (in /home/sjbeskur/repos/SLAM/xdof2/target/release/examples/slamiam)
   n1: 1503992 0x18DA82: std::sys_common::backtrace::__rust_begin_short_backtrace (in /home/sjbeskur/repos/SLAM/xdof2/target/release/examples/slamiam)
    n1: 1503992 0x1A4A78: _ZN3std2rt10lang_start28_$u7b$$u7b$closure$u7d$$u7d$17h1113576907922fc3E.llvm.14101158375343628216 (in /home/sjbeskur/repos/SLAM/xdof2/target/release/examples/slamiam)
     n1: 1503992 0x25C0C0: std::rt::lang_start_internal (function.rs:284)
      n0: 1503992 0x15A044: main (in /home/sjbeskur/repos/SLAM/xdof2/target/release/examples/slamiam)
  n1: 1503992 0x159556: slamiam::main (in /home/sjbeskur/repos/SLAM/xdof2/target/release/examples/slamiam)
   n1: 1503992 0x18DA82: std::sys_common::backtrace::__rust_begin_short_backtrace (in /home/sjbeskur/repos/SLAM/xdof2/target/release/examples/slamiam)
    n1: 1503992 0x1A4A78: _ZN3std2rt10lang_start28_$u7b$$u7b$closure$u7d$$u7d$17h1113576907922fc3E.llvm.14101158375343628216 (in /home/sjbeskur/repos/SLAM/xdof2/target/release/examples/slamiam)
     n1: 1503992 0x25C0C0: std::rt::lang_start_internal (function.rs:284)
      n0: 1503992 0x15A044: main (in /home/sjbeskur/repos/SLAM/xdof2/target/release/examples/slamiam)
 n2: 3007984 0x1BE7E4: xdof::phase_1::greyscale_gaussian_blur (in /home/sjbeskur/repos/SLAM/xdof2/target/release/examples/slamiam)
  n1: 1503992 0x159595: slamiam::main (in /home/sjbeskur/repos/SLAM/xdof2/target/release/examples/slamiam)
   n1: 1503992 0x18DA82: std::sys_common::backtrace::__rust_begin_short_backtrace (in /home/sjbeskur/repos/SLAM/xdof2/target/release/examples/slamiam)
    n1: 1503992 0x1A4A78: _ZN3std2rt10lang_start28_$u7b$$u7b$closure$u7d$$u7d$17h1113576907922fc3E.llvm.14101158375343628216 (in /home/sjbeskur/repos/SLAM/xdof2/target/release/examples/slamiam)
     n1: 1503992 0x25C0C0: std::rt::lang_start_internal (function.rs:284)
      n0: 1503992 0x15A044: main (in /home/sjbeskur/repos/SLAM/xdof2/target/release/examples/slamiam)
  n1: 1503992 0x15961D: slamiam::main (in /home/sjbeskur/repos/SLAM/xdof2/target/release/examples/slamiam)
   n1: 1503992 0x18DA82: std::sys_common::backtrace::__rust_begin_short_backtrace (in /home/sjbeskur/repos/SLAM/xdof2/target/release/examples/slamiam)
    n1: 1503992 0x1A4A78: _ZN3std2rt10lang_start28_$u7b$$u7b$closure$u7d$$u7d$17h1113576907922fc3E.llvm.14101158375343628216 (in /home/sjbeskur/repos/SLAM/xdof2/target/release/examples/slamiam)
     n1: 1503992 0x25C0C0: std::rt::lang_start_internal (function.rs:284)
      n0: 1503992 0x15A044: main (in /home/sjbeskur/repos/SLAM/xdof2/target/release/examples/slamiam)
 n0: 157 in 25 places, all below massif's threshold (1.00%)
#-----------
snapshot=19
#-----------
time=622
mem_heap_B=12408091
mem_heap_extra_B=1133
mem_stacks_B=0
heap_tree=empty
#-----------
snapshot=20
#-----------
time=737
mem_heap_B=12408091
mem_heap_extra_B=1133
mem_stacks_B=0
heap_tree=peak
n5: 12408091 (heap allocation functions) malloc/new/new[], --alloc-fns, etc.
 n1: 6015968 0x1AF0F1: image::imageops::sample::blur (in /home/sjbeskur/repos/SLAM/xdof2/target/release/examples/slamiam)
  n1: 6015968 0x159E35: slamiam::compute_kepoint_descriptors (in /home/sjbeskur/repos/SLAM/xdof2/target/release/examples/slamiam)
   n1: 6015968 0x15969C: slamiam::main (in /home/sjbeskur/repos/SLAM/xdof2/target/release/examples/slamiam)
    n1: 6015968 0x18DA82: std::sys_common::backtrace::__rust_begin_short_backtrace (in /home/sjbeskur/repos/SLAM/xdof2/target/release/examples/slamiam)
     n1: 6015968 0x1A4A78: _ZN3std2rt10lang_start28_$u7b$$u7b$closure$u7d$$u7d$17h1113576907922fc3E.llvm.14101158375343628216 (in /home/sjbeskur/repos/SLAM/xdof2/target/release/examples/slamiam)
      n1: 6015968 0x25C0C0: std::rt::lang_start_internal (function.rs:284)
       n0: 6015968 0x15A044: main (in /home/sjbeskur/repos/SLAM/xdof2/target/release/examples/slamiam)
 n2: 3007984 0x15933E: slamiam::read_image (in /home/sjbeskur/repos/SLAM/xdof2/target/release/examples/slamiam)
  n1: 1503992 0x159549: slamiam::main (in /home/sjbeskur/repos/SLAM/xdof2/target/release/examples/slamiam)
   n1: 1503992 0x18DA82: std::sys_common::backtrace::__rust_begin_short_backtrace (in /home/sjbeskur/repos/SLAM/xdof2/target/release/examples/slamiam)
    n1: 1503992 0x1A4A78: _ZN3std2rt10lang_start28_$u7b$$u7b$closure$u7d$$u7d$17h1113576907922fc3E.llvm.14101158375343628216 (in /home/sjbeskur/repos/SLAM/xdof2/target/release/examples/slamiam)
     n1: 1503992 0x25C0C0: std::rt::lang_start_internal (function.rs:284)
      n0: 1503992 0x15A044: main (in /home/sjbeskur/repos/SLAM/xdof2/target/release/examples/slamiam)
  n1: 1503992 0x159556: slamiam::main (in /home/sjbeskur/repos/SLAM/xdof2/target/release/examples/slamiam)
   n1: 1503992 0x18DA82: std::sys_common::backtrace::__rust_begin_short_backtrace (in /home/sjbeskur/repos/SLAM/xdof2/target/release/examples/slamiam)
    n1: 1503992 0x1A4A78: _ZN3std2rt10lang_start28_$u7b$$u7b$closure$u7d$$u7d$17h1113576907922fc3E.llvm.14101158375343628216 (in /home/sjbeskur/repos/SLAM/xdof2/target/release/examples/slamiam)
     n1: 1503992 0x25C0C0: std::rt::lang_start_internal (function.rs:284)
      n0: 1503992 0x15A044: main (in /home/sjbeskur/repos/SLAM/xdof2/target/release/examples/slamiam)
 n2: 3007984 0x1BE7E4: xdof::phase_1::greyscale_gaussian_blur (in /home/sjbeskur/repos/SLAM/xdof2/target/release/examples/slamiam)
  n1: 1503992 0x159595: slamiam::main (in /home/sjbeskur/repos/SLAM/xdof2/target/release/examples/slamiam)
   n1: 1503992 0x18DA82: std::sys_common::backtrace::__rust_begin_short_backtrace (in /home/sjbeskur/repos/SLAM/xdof2/target/release/examples/slamiam)
    n1: 1503992 0x1A4A78: _ZN3std2rt10lang_start28_$u7b$$u7b$closure$u7d$$u7d$17h1113576907922fc3E.llvm.14101158375343628216 (in /home/sjbeskur/repos/SLAM/xdof2/target/release/examples/slamiam)
     n1: 1503992 0x25C0C0: std::rt::lang_start_internal (function.rs:284)
      n0: 1503992 0x15A044: main (in /home/sjbeskur/repos/SLAM/xdof2/target/release/examples/slamiam)
  n1: 1503992 0x15961D: slamiam::main (in /home/sjbeskur/repos/SLAM/xdof2/target/release/examples/slamiam)
   n1: 1503992 0x18DA82: std::sys_common::backtrace::__rust_begin_short_backtrace (in /home/sjbeskur/repos/SLAM/xdof2/target/release/examples/slamiam)
    n1: 1503992 0x1A4A78: _ZN3std2rt10lang_start28_$u7b$$u7b$closure$u7d$$u7d$17h1113576907922fc3E.llvm.14101158375343628216 (in /home/sjbeskur/repos/SLAM/xdof2/target/release/examples/slamiam)
     n1: 1503992 0x25C0C0: std::rt::lang_start_internal (function.rs:284)
      n0: 1503992 0x15A044: main (in /home/sjbeskur/repos/SLAM/xdof2/target/release/examples/slamiam)
 n1: 375998 0x1AF593: image::imageops::sample::blur (in /home/sjbeskur/repos/SLAM/xdof2/target/release/examples/slamiam)
  n1: 375998 0x159E35: slamiam::compute_kepoint_descriptors (in /home/sjbeskur/repos/SLAM/xdof2/target/release/examples/slamiam)
   n1: 375998 0x15969C: slamiam::main (in /home/sjbeskur/repos/SLAM/xdof2/target/release/examples/slamiam)
    n1: 375998 0x18DA82: std::sys_common::backtrace::__rust_begin_short_backtrace (in /home/sjbeskur/repos/SLAM/xdof2/target/release/examples/slamiam)
     n1: 375998 0x1A4A78: _ZN3std2rt10lang_start28_$u7b$$u7b$closure$u7d$$u7d$17h1113576907922fc3E.llvm.14101158375343628216 (in /home/sjbeskur/repos/SLAM/xdof2/target/release/examples/slamiam)
      n1: 375998 0x25C0C0: std::rt::lang_start_internal (function.rs:284)
       n0: 375998 0x15A044: main (in /home/sjbeskur/repos/SLAM/xdof2/target/release/examples/slamiam)
 n0: 157 in 25 places, all below massif's threshold (1.00%)
#-----------
snapshot=21
#-----------
time=741
mem_heap_B=6392179
mem_heap_extra_B=117
mem_stacks_B=0
heap_tree=empty
#-----------
snapshot=22
#-----------
time=771
mem_heap_B=6399195
mem_heap_extra_B=133
mem_stacks_B=0
heap_tree=empty
#-----------
snapshot=23
#-----------
time=778
mem_heap_B=6410763
mem_heap_extra_B=717
mem_stacks_B=0
heap_tree=empty
#-----------
snapshot=24
#-----------
time=784
mem_heap_B=10545309
mem_heap_extra_B=3155
mem_stacks_B=0
heap_tree=empty
#-----------
snapshot=25
#-----------
time=859
mem_heap_B=10545309
mem_heap_extra_B=3155
mem_stacks_B=0
heap_tree=empty
#-----------
snapshot=26
#-----------
time=860
mem_heap_B=10921371
mem_heap_extra_B=3173
mem_stacks_B=0
heap_tree=empty
#-----------
snapshot=27
#-----------
time=974
mem_heap_B=10921307
mem_heap_extra_B=3165
mem_stacks_B=0
heap_tree=empty
#-----------
snapshot=28
#-----------
time=976
mem_heap_B=4905395
mem_heap_extra_B=2157
mem_stacks_B=0
heap_tree=empty
#-----------
snapshot=29
#-----------
time=1005
mem_heap_B=4912475
mem_heap_extra_B=2173
mem_stacks_B=0
heap_tree=detailed
n4: 4912475 (heap allocation functions) malloc/new/new[], --alloc-fns, etc.
 n2: 3007984 0x15933E: slamiam::read_image (in /home/sjbeskur/repos/SLAM/xdof2/target/release/examples/slamiam)
  n1: 1503992 0x159549: slamiam::main (in /home/sjbeskur/repos/SLAM/xdof2/target/release/examples/slamiam)
   n1: 1503992 0x18DA82: std::sys_common::backtrace::__rust_begin_short_backtrace (in /home/sjbeskur/repos/SLAM/xdof2/target/release/examples/slamiam)
    n1: 1503992 0x1A4A78: _ZN3std2rt10lang_start28_$u7b$$u7b$closure$u7d$$u7d$17h1113576907922fc3E.llvm.14101158375343628216 (in /home/sjbeskur/repos/SLAM/xdof2/target/release/examples/slamiam)
     n1: 1503992 0x25C0C0: std::rt::lang_start_internal (function.rs:284)
      n0: 1503992 0x15A044: main (in /home/sjbeskur/repos/SLAM/xdof2/target/release/examples/slamiam)
  n1: 1503992 0x159556: slamiam::main (in /home/sjbeskur/repos/SLAM/xdof2/target/release/examples/slamiam)
   n1: 1503992 0x18DA82: std::sys_common::backtrace::__rust_begin_short_backtrace (in /home/sjbeskur/repos/SLAM/xdof2/target/release/examples/slamiam)
    n1: 1503992 0x1A4A78: _ZN3std2rt10lang_start28_$u7b$$u7b$closure$u7d$$u7d$17h1113576907922fc3E.llvm.14101158375343628216 (in /home/sjbeskur/repos/SLAM/xdof2/target/release/examples/slamiam)
     n1: 1503992 0x25C0C0: std::rt::lang_start_internal (function.rs:284)
      n0: 1503992 0x15A044: main (in /home/sjbeskur/repos/SLAM/xdof2/target/release/examples/slamiam)
 n2: 1503992 0x1BE7E4: xdof::phase_1::greyscale_gaussian_blur (in /home/sjbeskur/repos/SLAM/xdof2/target/release/examples/slamiam)
  n1: 1503992 0x15961D: slamiam::main (in /home/sjbeskur/repos/SLAM/xdof2/target/release/examples/slamiam)
   n1: 1503992 0x18DA82: std::sys_common::backtrace::__rust_begin_short_backtrace (in /home/sjbeskur/repos/SLAM/xdof2/target/release/examples/slamiam)
    n1: 1503992 0x1A4A78: _ZN3std2rt10lang_start28_$u7b$$u7b$closure$u7d$$u7d$17h1113576907922fc3E.llvm.14101158375343628216 (in /home/sjbeskur/repos/SLAM/xdof2/target/release/examples/slamiam)
     n1: 1503992 0x25C0C0: std::rt::lang_start_internal (function.rs:284)
      n0: 1503992 0x15A044: main (in /home/sjbeskur/repos/SLAM/xdof2/target/release/examples/slamiam)
  n0: 0 in 1 place, below massif's threshold (1.00%)
 n1: 375998 0x1AF593: image::imageops::sample::blur (in /home/sjbeskur/repos/SLAM/xdof2/target/release/examples/slamiam)
  n2: 375998 0x159E35: slamiam::compute_kepoint_descriptors (in /home/sjbeskur/repos/SLAM/xdof2/target/release/examples/slamiam)
   n1: 375998 0x159715: slamiam::main (in /home/sjbeskur/repos/SLAM/xdof2/target/release/examples/slamiam)
    n1: 375998 0x18DA82: std::sys_common::backtrace::__rust_begin_short_backtrace (in /home/sjbeskur/repos/SLAM/xdof2/target/release/examples/slamiam)
     n1: 375998 0x1A4A78: _ZN3std2rt10lang_start28_$u7b$$u7b$closure$u7d$$u7d$17h1113576907922fc3E.llvm.14101158375343628216 (in /home/sjbeskur/repos/SLAM/xdof2/target/release/examples/slamiam)
      n1: 375998 0x25C0C0: std::rt::lang_start_internal (function.rs:284)
       n0: 375998 0x15A044: main (in /home/sjbeskur/repos/SLAM/xdof2/target/release/examples/slamiam)
   n0: 0 in 1 place, below massif's threshold (1.00%)
 n0: 24501 in 31 places, all below massif's threshold (1.00%)
#-----------
snapshot=30
#-----------
time=1012
mem_heap_B=3042805
mem_heap_extra_B=4203
mem_stacks_B=0
heap_tree=empty
#-----------
snapshot=31
#-----------
time=1020
mem_heap_B=3048757
mem_heap_extra_B=4203
mem_stacks_B=0
heap_tree=empty
#-----------
snapshot=32
#-----------
time=1028
mem_heap_B=3048973
mem_heap_extra_B=4219
mem_stacks_B=0
heap_tree=empty
#-----------
snapshot=33
#-----------
time=1035
mem_heap_B=3049829
mem_heap_extra_B=4275
mem_stacks_B=0
heap_tree=empty
#-----------
snapshot=34
#-----------
time=1038
mem_heap_B=3051125
mem_heap_extra_B=4307
mem_stacks_B=0
heap_tree=empty
#-----------
snapshot=35
#-----------
time=1044
mem_heap_B=3051125
mem_heap_extra_B=4307
mem_stacks_B=0
heap_tree=empty
#-----------
snapshot=36
#-----------
time=1051
mem_heap_B=3051125
mem_heap_extra_B=4307
mem_stacks_B=0
heap_tree=empty
#-----------
snapshot=37
#-----------
time=1059
mem_heap_B=3048973
mem_heap_extra_B=4219
mem_stacks_B=0
heap_tree=detailed
n2: 3048973 (heap allocation functions) malloc/new/new[], --alloc-fns, etc.
 n2: 3007984 0x15933E: slamiam::read_image (in /home/sjbeskur/repos/SLAM/xdof2/target/release/examples/slamiam)
  n1: 1503992 0x159549: slamiam::main (in /home/sjbeskur/repos/SLAM/xdof2/target/release/examples/slamiam)
   n1: 1503992 0x18DA82: std::sys_common::backtrace::__rust_begin_short_backtrace (in /home/sjbeskur/repos/SLAM/xdof2/target/release/examples/slamiam)
    n1: 1503992 0x1A4A78: _ZN3std2rt10lang_start28_$u7b$$u7b$closure$u7d$$u7d$17h1113576907922fc3E.llvm.14101158375343628216 (in /home/sjbeskur/repos/SLAM/xdof2/target/release/examples/slamiam)
     n1: 1503992 0x25C0C0: std::rt::lang_start_internal (function.rs:284)
      n0: 1503992 0x15A044: main (in /home/sjbeskur/repos/SLAM/xdof2/target/release/examples/slamiam)
  n1: 1503992 0x159556: slamiam::main (in /home/sjbeskur/repos/SLAM/xdof2/target/release/examples/slamiam)
   n1: 1503992 0x18DA82: std::sys_common::backtrace::__rust_begin_short_backtrace (in /home/sjbeskur/repos/SLAM/xdof2/target/release/examples/slamiam)
    n1: 1503992 0x1A4A78: _ZN3std2rt10lang_start28_$u7b$$u7b$closure$u7d$$u7d$17h1113576907922fc3E.llvm.14101158375343628216 (in /home/sjbeskur/repos/SLAM/xdof2/target/release/examples/slamiam)
     n1: 1503992 0x25C0C0: std::rt::lang_start_internal (function.rs:284)
      n0: 1503992 0x15A044: main (in /home/sjbeskur/repos/SLAM/xdof2/target/release/examples/slamiam)
 n0: 40989 in 43 places, all below massif's threshold (1.00%)
#-----------
snapshot=38
#-----------
time=1067
mem_heap_B=3048757
mem_heap_extra_B=4203
mem_stacks_B=0
heap_tree=empty
#-----------
snapshot=39
#-----------
time=1075
mem_heap_B=3049829
mem_heap_extra_B=4275
mem_stacks_B=0
heap_tree=empty
#-----------
snapshot=40
#-----------
time=1082
mem_heap_B=3048973
mem_heap_extra_B=4219
mem_stacks_B=0
heap_tree=empty
#-----------
snapshot=41
#-----------
time=1090
mem_heap_B=3051053
mem_heap_extra_B=4291
mem_stacks_B=0
heap_tree=empty
#-----------
snapshot=42
#-----------
time=1098
mem_heap_B=3049829
mem_heap_extra_B=4275
mem_stacks_B=0
heap_tree=empty
#-----------
snapshot=43
#-----------
time=1106
mem_heap_B=3051125
mem_heap_extra_B=4307
mem_stacks_B=0
heap_tree=empty
#-----------
snapshot=44
#-----------
time=1114
mem_heap_B=3051125
mem_heap_extra_B=4307
mem_stacks_B=0
heap_tree=empty
#-----------
snapshot=45
#-----------
time=1122
mem_heap_B=3051053
mem_heap_extra_B=4291
mem_stacks_B=0
heap_tree=empty
#-----------
snapshot=46
#-----------
time=1126
mem_heap_B=3048973
mem_heap_extra_B=4219
mem_stacks_B=0
heap_tree=empty
#-----------
snapshot=47
#-----------
time=1134
mem_heap_B=3049781
mem_heap_extra_B=4211
mem_stacks_B=0
heap_tree=empty
#-----------
snapshot=48
#-----------
time=1139
mem_heap_B=3049789
mem_heap_extra_B=4227
mem_stacks_B=0
heap_tree=empty
#-----------
snapshot=49
#-----------
time=1143
mem_heap_B=3049789
mem_heap_extra_B=4227
mem_stacks_B=0
heap_tree=empty
#-----------
snapshot=50
#-----------
time=1144
mem_heap_B=3049789
mem_heap_extra_B=4227
mem_stacks_B=0
heap_tree=empty
#-----------
snapshot=51
#-----------
time=1145
mem_heap_B=3043637
mem_heap_extra_B=4203
mem_stacks_B=0
heap_tree=empty
#-----------
snapshot=52
#-----------
time=1146
mem_heap_B=3021501
mem_heap_extra_B=915
mem_stacks_B=0
heap_tree=empty
#-----------
snapshot=53
#-----------
time=1147
mem_heap_B=80
mem_heap_extra_B=16
mem_stacks_B=0
heap_tree=empty
